[ERROR] Failed to load module 'com.garage48.Mycash' from user agent 'Mozilla/5.0 (Windows; U; Windows NT 5.2; en-US; rv:1.9.1.19) Gecko/20110420 Firefox/3.5.19 GTB7.1' at 127.0.0.1:2671
java.lang.OutOfMemoryError: Java heap space
	at com.google.gwt.thirdparty.guava.common.collect.Interners$WeakInterner.intern(Interners.java:73)
	at com.google.gwt.dev.util.StringInterner.intern(StringInterner.java:40)
	at com.google.gwt.core.ext.typeinfo.JAbstractMethod.<init>(JAbstractMethod.java:59)
	at com.google.gwt.core.ext.typeinfo.JMethod.<init>(JMethod.java:43)
	at com.google.gwt.core.ext.typeinfo.TypeOracleBuilder.newMethod(TypeOracleBuilder.java:103)
	at com.google.gwt.dev.javac.TypeOracleMediator.resolveMethod(TypeOracleMediator.java:990)
	at com.google.gwt.dev.javac.TypeOracleMediator.resolveClass(TypeOracleMediator.java:812)
	at com.google.gwt.dev.javac.TypeOracleMediator.resolveClass(TypeOracleMediator.java:837)
	at com.google.gwt.dev.javac.TypeOracleMediator.resolveClass(TypeOracleMediator.java:785)
	at com.google.gwt.dev.javac.TypeOracleMediator.addNewUnits(TypeOracleMediator.java:385)
	at com.google.gwt.dev.javac.CompilationState.assimilateUnits(CompilationState.java:165)
	at com.google.gwt.dev.javac.CompilationState.<init>(CompilationState.java:82)
	at com.google.gwt.dev.javac.CompilationStateBuilder.doBuildFrom(CompilationStateBuilder.java:392)
	at com.google.gwt.dev.javac.CompilationStateBuilder.buildFrom(CompilationStateBuilder.java:275)
	at com.google.gwt.dev.cfg.ModuleDef.getCompilationState(ModuleDef.java:299)
	at com.google.gwt.dev.DevModeBase$UiBrowserWidgetHostImpl.createModuleSpaceHost(DevModeBase.java:102)
	at com.google.gwt.dev.shell.OophmSessionHandler.loadModule(OophmSessionHandler.java:180)
	at com.google.gwt.dev.shell.BrowserChannelServer.processConnection(BrowserChannelServer.java:510)
	at com.google.gwt.dev.shell.BrowserChannelServer.run(BrowserChannelServer.java:352)
	at java.lang.Thread.run(Thread.java:619)
   [ERROR] Out of memory; to increase the amount of memory, use the -Xmx flag at startup (java -Xmx128M ...)

[ERROR] Failed to load module 'com.garage48.Mycash' from user agent 'Mozilla/5.0 (Windows; U; Windows NT 5.2; en-US; rv:1.9.1.19) Gecko/20110420 Firefox/3.5.19 GTB7.1' at 127.0.0.1:2007
java.lang.OutOfMemoryError: Java heap space
   [ERROR] Out of memory; to increase the amount of memory, use the -Xmx flag at startup (java -Xmx128M ...)

[ERROR] Failed to load module 'com.garage48.Mycash' from user agent 'Mozilla/5.0 (Windows; U; Windows NT 5.2; en-US; rv:1.9.1.19) Gecko/20110420 Firefox/3.5.19 GTB7.1' at 127.0.0.1:3182
java.lang.OutOfMemoryError: Java heap space
	at java.util.Arrays.copyOfRange(Arrays.java:3209)
	at java.lang.String.<init>(String.java:216)
	at com.google.gwt.dev.asm.ClassReader.readUTF(ClassReader.java:1958)
	at com.google.gwt.dev.asm.ClassReader.readUTF8(ClassReader.java:1912)
	at com.google.gwt.dev.asm.ClassReader.readClass(ClassReader.java:1976)
	at com.google.gwt.dev.asm.ClassReader.accept(ClassReader.java:1380)
	at com.google.gwt.dev.asm.ClassReader.accept(ClassReader.java:420)
	at com.google.gwt.dev.javac.TypeOracleMediator.processClass(TypeOracleMediator.java:595)
	at com.google.gwt.dev.javac.TypeOracleMediator.addNewUnits(TypeOracleMediator.java:332)
	at com.google.gwt.dev.javac.CompilationState.assimilateUnits(CompilationState.java:165)
	at com.google.gwt.dev.javac.CompilationState.<init>(CompilationState.java:82)
	at com.google.gwt.dev.javac.CompilationStateBuilder.doBuildFrom(CompilationStateBuilder.java:392)
	at com.google.gwt.dev.javac.CompilationStateBuilder.buildFrom(CompilationStateBuilder.java:275)
	at com.google.gwt.dev.cfg.ModuleDef.getCompilationState(ModuleDef.java:299)
	at com.google.gwt.dev.DevModeBase$UiBrowserWidgetHostImpl.createModuleSpaceHost(DevModeBase.java:102)
	at com.google.gwt.dev.shell.OophmSessionHandler.loadModule(OophmSessionHandler.java:180)
	at com.google.gwt.dev.shell.BrowserChannelServer.processConnection(BrowserChannelServer.java:510)
	at com.google.gwt.dev.shell.BrowserChannelServer.run(BrowserChannelServer.java:352)
	at java.lang.Thread.run(Thread.java:619)
   [ERROR] Out of memory; to increase the amount of memory, use the -Xmx flag at startup (java -Xmx128M ...)
