
[ERROR] Failed to load module 'com.garage48.Mycash' from user agent 'Mozilla/5.0 (Windows; U; Windows NT 5.2; en-US; rv:1.9.1.19) Gecko/20110420 Firefox/3.5.19 GTB7.1' at 127.0.0.1:1481
java.lang.OutOfMemoryError: Java heap space
	at java.util.LinkedHashMap.init(LinkedHashMap.java:223)
	at java.util.HashMap.<init>(HashMap.java:188)
	at java.util.LinkedHashMap.<init>(LinkedHashMap.java:160)
	at java.util.HashSet.<init>(HashSet.java:142)
	at java.util.LinkedHashSet.<init>(LinkedHashSet.java:137)
	at com.google.gwt.core.ext.typeinfo.JClassType.getFlattenedSuperTypeHierarchy(JClassType.java:45)
	at com.google.gwt.core.ext.typeinfo.JClassType.getFlattenedSuperTypeHierarchyRecursive(JClassType.java:325)
	at com.google.gwt.core.ext.typeinfo.JClassType.getFlattenedSuperTypeHierarchy(JClassType.java:46)
	at com.google.gwt.core.ext.typeinfo.JClassType.areClassTypesAssignable(JClassType.java:91)
	at com.google.gwt.core.ext.typeinfo.JClassType.isAssignableFrom(JClassType.java:554)
	at com.google.gwt.core.ext.typeinfo.TypeOracle.computeSingleJsoImplData(TypeOracle.java:673)
	at com.google.gwt.core.ext.typeinfo.TypeOracle.finish(TypeOracle.java:646)
	at com.google.gwt.core.ext.typeinfo.TypeOracleBuilder.finish(TypeOracleBuilder.java:62)
	at com.google.gwt.dev.javac.TypeOracleMediator.addNewUnits(TypeOracleMediator.java:393)
	at com.google.gwt.dev.javac.CompilationState.assimilateUnits(CompilationState.java:165)
	at com.google.gwt.dev.javac.CompilationState.<init>(CompilationState.java:82)
	at com.google.gwt.dev.javac.CompilationStateBuilder.doBuildFrom(CompilationStateBuilder.java:392)
	at com.google.gwt.dev.javac.CompilationStateBuilder.buildFrom(CompilationStateBuilder.java:275)
	at com.google.gwt.dev.cfg.ModuleDef.getCompilationState(ModuleDef.java:299)
	at com.google.gwt.dev.DevModeBase$UiBrowserWidgetHostImpl.createModuleSpaceHost(DevModeBase.java:102)
	at com.google.gwt.dev.shell.OophmSessionHandler.loadModule(OophmSessionHandler.java:180)
	at com.google.gwt.dev.shell.BrowserChannelServer.processConnection(BrowserChannelServer.java:510)
	at com.google.gwt.dev.shell.BrowserChannelServer.run(BrowserChannelServer.java:352)
	at java.lang.Thread.run(Thread.java:619)
   [ERROR] Out of memory; to increase the amount of memory, use the -Xmx flag at startup (java -Xmx128M ...)

[ERROR] Failed to load module 'com.garage48.Mycash' from user agent 'Mozilla/5.0 (Windows; U; Windows NT 5.2; en-US; rv:1.9.1.19) Gecko/20110420 Firefox/3.5.19 GTB7.1' at 127.0.0.1:1537
java.lang.OutOfMemoryError: Java heap space
	at java.util.HashMap.<init>(HashMap.java:187)
	at java.util.LinkedHashMap.<init>(LinkedHashMap.java:160)
	at java.util.HashSet.<init>(HashSet.java:142)
	at java.util.LinkedHashSet.<init>(LinkedHashSet.java:137)
	at com.google.gwt.core.ext.typeinfo.JClassType.getFlattenedSuperTypeHierarchy(JClassType.java:45)
	at com.google.gwt.core.ext.typeinfo.JClassType.areClassTypesAssignable(JClassType.java:91)
	at com.google.gwt.core.ext.typeinfo.JClassType.isAssignableFrom(JClassType.java:554)
	at com.google.gwt.core.ext.typeinfo.TypeOracle.computeSingleJsoImplData(TypeOracle.java:673)
	at com.google.gwt.core.ext.typeinfo.TypeOracle.finish(TypeOracle.java:646)
	at com.google.gwt.core.ext.typeinfo.TypeOracleBuilder.finish(TypeOracleBuilder.java:62)
	at com.google.gwt.dev.javac.TypeOracleMediator.addNewUnits(TypeOracleMediator.java:393)
	at com.google.gwt.dev.javac.CompilationState.assimilateUnits(CompilationState.java:165)
	at com.google.gwt.dev.javac.CompilationState.<init>(CompilationState.java:82)
	at com.google.gwt.dev.javac.CompilationStateBuilder.doBuildFrom(CompilationStateBuilder.java:392)
	at com.google.gwt.dev.javac.CompilationStateBuilder.buildFrom(CompilationStateBuilder.java:275)
	at com.google.gwt.dev.cfg.ModuleDef.getCompilationState(ModuleDef.java:299)
	at com.google.gwt.dev.DevModeBase$UiBrowserWidgetHostImpl.createModuleSpaceHost(DevModeBase.java:102)
	at com.google.gwt.dev.shell.OophmSessionHandler.loadModule(OophmSessionHandler.java:180)
	at com.google.gwt.dev.shell.BrowserChannelServer.processConnection(BrowserChannelServer.java:510)
	at com.google.gwt.dev.shell.BrowserChannelServer.run(BrowserChannelServer.java:352)
	at java.lang.Thread.run(Thread.java:619)
   [ERROR] Out of memory; to increase the amount of memory, use the -Xmx flag at startup (java -Xmx128M ...)

[ERROR] Failed to load module 'com.garage48.Mycash' from user agent 'Mozilla/5.0 (Windows; U; Windows NT 5.2; en-US; rv:1.9.1.19) Gecko/20110420 Firefox/3.5.19 GTB7.1' at 127.0.0.1:1606
java.lang.OutOfMemoryError: Java heap space
	at com.google.gwt.dev.util.collect.HashMap.initTable(HashMap.java:743)
	at com.google.gwt.dev.util.collect.HashMap.<init>(HashMap.java:438)
	at com.google.gwt.dev.util.collect.IdentityHashMap.<init>(IdentityHashMap.java:31)
	at com.google.gwt.core.ext.typeinfo.JParameterizedType.maybeInitializeTypeParameterSubstitutionMap(JParameterizedType.java:442)
	at com.google.gwt.core.ext.typeinfo.JParameterizedType.getTypeParameterSubstitution(JParameterizedType.java:406)
	at com.google.gwt.core.ext.typeinfo.JTypeParameter.getSubstitutedType(JTypeParameter.java:179)
	at com.google.gwt.core.ext.typeinfo.JParameterizedType.getSubstitutedType(JParameterizedType.java:393)
	at com.google.gwt.core.ext.typeinfo.JParameterizedType.getImplementedInterfaces(JParameterizedType.java:160)
	at com.google.gwt.core.ext.typeinfo.JClassType.getFlattenedSuperTypeHierarchyRecursive(JClassType.java:323)
	at com.google.gwt.core.ext.typeinfo.JClassType.getFlattenedSuperTypeHierarchy(JClassType.java:46)
	at com.google.gwt.core.ext.typeinfo.JClassType.getFlattenedSuperTypeHierarchyRecursive(JClassType.java:325)
	at com.google.gwt.core.ext.typeinfo.JClassType.getFlattenedSuperTypeHierarchy(JClassType.java:46)
	at com.google.gwt.core.ext.typeinfo.JClassType.getFlattenedSuperTypeHierarchyRecursive(JClassType.java:325)
	at com.google.gwt.core.ext.typeinfo.JClassType.getFlattenedSuperTypeHierarchy(JClassType.java:46)
	at com.google.gwt.core.ext.typeinfo.JClassType.getFlattenedSuperTypeHierarchyRecursive(JClassType.java:331)
	at com.google.gwt.core.ext.typeinfo.JClassType.getFlattenedSuperTypeHierarchy(JClassType.java:46)
	at com.google.gwt.core.ext.typeinfo.JClassType.areClassTypesAssignable(JClassType.java:91)
	at com.google.gwt.core.ext.typeinfo.JClassType.isAssignableFrom(JClassType.java:554)
	at com.google.gwt.core.ext.typeinfo.TypeOracle.computeSingleJsoImplData(TypeOracle.java:673)
	at com.google.gwt.core.ext.typeinfo.TypeOracle.finish(TypeOracle.java:646)
	at com.google.gwt.core.ext.typeinfo.TypeOracleBuilder.finish(TypeOracleBuilder.java:62)
	at com.google.gwt.dev.javac.TypeOracleMediator.addNewUnits(TypeOracleMediator.java:393)
	at com.google.gwt.dev.javac.CompilationState.assimilateUnits(CompilationState.java:165)
	at com.google.gwt.dev.javac.CompilationState.<init>(CompilationState.java:82)
	at com.google.gwt.dev.javac.CompilationStateBuilder.doBuildFrom(CompilationStateBuilder.java:392)
	at com.google.gwt.dev.javac.CompilationStateBuilder.buildFrom(CompilationStateBuilder.java:275)
	at com.google.gwt.dev.cfg.ModuleDef.getCompilationState(ModuleDef.java:299)
	at com.google.gwt.dev.DevModeBase$UiBrowserWidgetHostImpl.createModuleSpaceHost(DevModeBase.java:102)
	at com.google.gwt.dev.shell.OophmSessionHandler.loadModule(OophmSessionHandler.java:180)
	at com.google.gwt.dev.shell.BrowserChannelServer.processConnection(BrowserChannelServer.java:510)
	at com.google.gwt.dev.shell.BrowserChannelServer.run(BrowserChannelServer.java:352)
	at java.lang.Thread.run(Thread.java:619)
   [ERROR] Out of memory; to increase the amount of memory, use the -Xmx flag at startup (java -Xmx128M ...)

[ERROR] Failed to load module 'com.garage48.Mycash' from user agent 'Mozilla/5.0 (Windows; U; Windows NT 5.2; en-US; rv:1.9.1.19) Gecko/20110420 Firefox/3.5.19 GTB7.1' at 127.0.0.1:1675
java.lang.OutOfMemoryError: Java heap space
	at java.util.HashMap.<init>(HashMap.java:187)
	at java.util.LinkedHashMap.<init>(LinkedHashMap.java:160)
	at java.util.HashSet.<init>(HashSet.java:142)
	at java.util.LinkedHashSet.<init>(LinkedHashSet.java:137)
	at com.google.gwt.core.ext.typeinfo.JClassType.getFlattenedSuperTypeHierarchy(JClassType.java:45)
	at com.google.gwt.core.ext.typeinfo.JClassType.areClassTypesAssignable(JClassType.java:91)
	at com.google.gwt.core.ext.typeinfo.JClassType.isAssignableFrom(JClassType.java:554)
	at com.google.gwt.core.ext.typeinfo.TypeOracle.computeSingleJsoImplData(TypeOracle.java:673)
	at com.google.gwt.core.ext.typeinfo.TypeOracle.finish(TypeOracle.java:646)
	at com.google.gwt.core.ext.typeinfo.TypeOracleBuilder.finish(TypeOracleBuilder.java:62)
	at com.google.gwt.dev.javac.TypeOracleMediator.addNewUnits(TypeOracleMediator.java:393)
	at com.google.gwt.dev.javac.CompilationState.assimilateUnits(CompilationState.java:165)
	at com.google.gwt.dev.javac.CompilationState.<init>(CompilationState.java:82)
	at com.google.gwt.dev.javac.CompilationStateBuilder.doBuildFrom(CompilationStateBuilder.java:392)
	at com.google.gwt.dev.javac.CompilationStateBuilder.buildFrom(CompilationStateBuilder.java:275)
	at com.google.gwt.dev.cfg.ModuleDef.getCompilationState(ModuleDef.java:299)
	at com.google.gwt.dev.DevModeBase$UiBrowserWidgetHostImpl.createModuleSpaceHost(DevModeBase.java:102)
	at com.google.gwt.dev.shell.OophmSessionHandler.loadModule(OophmSessionHandler.java:180)
	at com.google.gwt.dev.shell.BrowserChannelServer.processConnection(BrowserChannelServer.java:510)
	at com.google.gwt.dev.shell.BrowserChannelServer.run(BrowserChannelServer.java:352)
	at java.lang.Thread.run(Thread.java:619)
   [ERROR] Out of memory; to increase the amount of memory, use the -Xmx flag at startup (java -Xmx128M ...)

[ERROR] Failed to load module 'com.garage48.Mycash' from user agent 'Mozilla/5.0 (Windows; U; Windows NT 5.2; en-US; rv:1.9.1.19) Gecko/20110420 Firefox/3.5.19 GTB7.1' at 127.0.0.1:1697
java.lang.OutOfMemoryError: Java heap space
	at java.util.HashMap.<init>(HashMap.java:187)
	at java.util.LinkedHashMap.<init>(LinkedHashMap.java:160)
	at java.util.HashSet.<init>(HashSet.java:142)
	at java.util.LinkedHashSet.<init>(LinkedHashSet.java:137)
	at com.google.gwt.core.ext.typeinfo.JClassType.getFlattenedSuperTypeHierarchy(JClassType.java:45)
	at com.google.gwt.core.ext.typeinfo.JClassType.getFlattenedSuperTypeHierarchyRecursive(JClassType.java:325)
	at com.google.gwt.core.ext.typeinfo.JClassType.getFlattenedSuperTypeHierarchy(JClassType.java:46)
	at com.google.gwt.core.ext.typeinfo.JClassType.getFlattenedSuperTypeHierarchyRecursive(JClassType.java:331)
	at com.google.gwt.core.ext.typeinfo.JClassType.getFlattenedSuperTypeHierarchy(JClassType.java:46)
	at com.google.gwt.core.ext.typeinfo.JClassType.areClassTypesAssignable(JClassType.java:91)
	at com.google.gwt.core.ext.typeinfo.JClassType.isAssignableFrom(JClassType.java:554)
	at com.google.gwt.core.ext.typeinfo.TypeOracle.computeSingleJsoImplData(TypeOracle.java:673)
	at com.google.gwt.core.ext.typeinfo.TypeOracle.finish(TypeOracle.java:646)
	at com.google.gwt.core.ext.typeinfo.TypeOracleBuilder.finish(TypeOracleBuilder.java:62)
	at com.google.gwt.dev.javac.TypeOracleMediator.addNewUnits(TypeOracleMediator.java:393)
	at com.google.gwt.dev.javac.CompilationState.assimilateUnits(CompilationState.java:165)
	at com.google.gwt.dev.javac.CompilationState.<init>(CompilationState.java:82)
	at com.google.gwt.dev.javac.CompilationStateBuilder.doBuildFrom(CompilationStateBuilder.java:392)
	at com.google.gwt.dev.javac.CompilationStateBuilder.buildFrom(CompilationStateBuilder.java:275)
	at com.google.gwt.dev.cfg.ModuleDef.getCompilationState(ModuleDef.java:299)
	at com.google.gwt.dev.DevModeBase$UiBrowserWidgetHostImpl.createModuleSpaceHost(DevModeBase.java:102)
	at com.google.gwt.dev.shell.OophmSessionHandler.loadModule(OophmSessionHandler.java:180)
	at com.google.gwt.dev.shell.BrowserChannelServer.processConnection(BrowserChannelServer.java:510)
	at com.google.gwt.dev.shell.BrowserChannelServer.run(BrowserChannelServer.java:352)
	at java.lang.Thread.run(Thread.java:619)
   [ERROR] Out of memory; to increase the amount of memory, use the -Xmx flag at startup (java -Xmx128M ...)

[ERROR] Failed to load module 'com.garage48.Mycash' from user agent 'Mozilla/5.0 (Windows; U; Windows NT 5.2; en-US; rv:1.9.1.19) Gecko/20110420 Firefox/3.5.19 GTB7.1' at 127.0.0.1:1772
java.lang.OutOfMemoryError: Java heap space
	at java.util.HashMap.<init>(HashMap.java:187)
	at java.util.LinkedHashMap.<init>(LinkedHashMap.java:160)
	at java.util.HashSet.<init>(HashSet.java:142)
	at java.util.LinkedHashSet.<init>(LinkedHashSet.java:137)
	at com.google.gwt.core.ext.typeinfo.JClassType.getFlattenedSuperTypeHierarchy(JClassType.java:45)
	at com.google.gwt.core.ext.typeinfo.JClassType.areClassTypesAssignable(JClassType.java:91)
	at com.google.gwt.core.ext.typeinfo.JClassType.isAssignableFrom(JClassType.java:554)
	at com.google.gwt.core.ext.typeinfo.TypeOracle.computeSingleJsoImplData(TypeOracle.java:673)
	at com.google.gwt.core.ext.typeinfo.TypeOracle.finish(TypeOracle.java:646)
	at com.google.gwt.core.ext.typeinfo.TypeOracleBuilder.finish(TypeOracleBuilder.java:62)
	at com.google.gwt.dev.javac.TypeOracleMediator.addNewUnits(TypeOracleMediator.java:393)
	at com.google.gwt.dev.javac.CompilationState.assimilateUnits(CompilationState.java:165)
	at com.google.gwt.dev.javac.CompilationState.<init>(CompilationState.java:82)
	at com.google.gwt.dev.javac.CompilationStateBuilder.doBuildFrom(CompilationStateBuilder.java:392)
	at com.google.gwt.dev.javac.CompilationStateBuilder.buildFrom(CompilationStateBuilder.java:275)
	at com.google.gwt.dev.cfg.ModuleDef.getCompilationState(ModuleDef.java:299)
	at com.google.gwt.dev.DevModeBase$UiBrowserWidgetHostImpl.createModuleSpaceHost(DevModeBase.java:102)
	at com.google.gwt.dev.shell.OophmSessionHandler.loadModule(OophmSessionHandler.java:180)
	at com.google.gwt.dev.shell.BrowserChannelServer.processConnection(BrowserChannelServer.java:510)
	at com.google.gwt.dev.shell.BrowserChannelServer.run(BrowserChannelServer.java:352)
	at java.lang.Thread.run(Thread.java:619)
   [ERROR] Out of memory; to increase the amount of memory, use the -Xmx flag at startup (java -Xmx128M ...)

[ERROR] Failed to load module 'com.garage48.Mycash' from user agent 'Mozilla/5.0 (Windows; U; Windows NT 5.2; en-US; rv:1.9.1.19) Gecko/20110420 Firefox/3.5.19 GTB7.1' at 127.0.0.1:1952
java.lang.OutOfMemoryError: Java heap space
	at java.util.ArrayList.<init>(ArrayList.java:112)
	at java.util.ArrayList.<init>(ArrayList.java:119)
	at com.google.gwt.core.ext.typeinfo.JParameterizedType.getImplementedInterfaces(JParameterizedType.java:157)
	at com.google.gwt.core.ext.typeinfo.JClassType.getFlattenedSuperTypeHierarchyRecursive(JClassType.java:323)
	at com.google.gwt.core.ext.typeinfo.JClassType.getFlattenedSuperTypeHierarchy(JClassType.java:46)
	at com.google.gwt.core.ext.typeinfo.JClassType.getFlattenedSuperTypeHierarchyRecursive(JClassType.java:331)
	at com.google.gwt.core.ext.typeinfo.JClassType.getFlattenedSuperTypeHierarchy(JClassType.java:46)
	at com.google.gwt.core.ext.typeinfo.JClassType.areClassTypesAssignable(JClassType.java:91)
	at com.google.gwt.core.ext.typeinfo.JClassType.isAssignableFrom(JClassType.java:554)
	at com.google.gwt.core.ext.typeinfo.TypeOracle.computeSingleJsoImplData(TypeOracle.java:673)
	at com.google.gwt.core.ext.typeinfo.TypeOracle.finish(TypeOracle.java:646)
	at com.google.gwt.core.ext.typeinfo.TypeOracleBuilder.finish(TypeOracleBuilder.java:62)
	at com.google.gwt.dev.javac.TypeOracleMediator.addNewUnits(TypeOracleMediator.java:393)
	at com.google.gwt.dev.javac.CompilationState.assimilateUnits(CompilationState.java:165)
	at com.google.gwt.dev.javac.CompilationState.<init>(CompilationState.java:82)
	at com.google.gwt.dev.javac.CompilationStateBuilder.doBuildFrom(CompilationStateBuilder.java:392)
	at com.google.gwt.dev.javac.CompilationStateBuilder.buildFrom(CompilationStateBuilder.java:275)
	at com.google.gwt.dev.cfg.ModuleDef.getCompilationState(ModuleDef.java:299)
	at com.google.gwt.dev.DevModeBase$UiBrowserWidgetHostImpl.createModuleSpaceHost(DevModeBase.java:102)
	at com.google.gwt.dev.shell.OophmSessionHandler.loadModule(OophmSessionHandler.java:180)
	at com.google.gwt.dev.shell.BrowserChannelServer.processConnection(BrowserChannelServer.java:510)
	at com.google.gwt.dev.shell.BrowserChannelServer.run(BrowserChannelServer.java:352)
	at java.lang.Thread.run(Thread.java:619)
   [ERROR] Out of memory; to increase the amount of memory, use the -Xmx flag at startup (java -Xmx128M ...)

[ERROR] Failed to load module 'com.garage48.Mycash' from user agent 'Mozilla/5.0 (Windows; U; Windows NT 5.2; en-US; rv:1.9.1.19) Gecko/20110420 Firefox/3.5.19 GTB7.1' at 127.0.0.1:2150
java.lang.OutOfMemoryError: Java heap space
	at java.util.HashMap.<init>(HashMap.java:187)
	at java.util.LinkedHashMap.<init>(LinkedHashMap.java:160)
	at java.util.HashSet.<init>(HashSet.java:142)
	at java.util.LinkedHashSet.<init>(LinkedHashSet.java:137)
	at com.google.gwt.core.ext.typeinfo.JClassType.getFlattenedSuperTypeHierarchy(JClassType.java:45)
	at com.google.gwt.core.ext.typeinfo.JClassType.getFlattenedSuperTypeHierarchyRecursive(JClassType.java:331)
	at com.google.gwt.core.ext.typeinfo.JClassType.getFlattenedSuperTypeHierarchy(JClassType.java:46)
	at com.google.gwt.core.ext.typeinfo.JClassType.getFlattenedSuperTypeHierarchyRecursive(JClassType.java:331)
	at com.google.gwt.core.ext.typeinfo.JClassType.getFlattenedSuperTypeHierarchy(JClassType.java:46)
	at com.google.gwt.core.ext.typeinfo.JClassType.getFlattenedSuperTypeHierarchyRecursive(JClassType.java:331)
	at com.google.gwt.core.ext.typeinfo.JClassType.getFlattenedSuperTypeHierarchy(JClassType.java:46)
	at com.google.gwt.core.ext.typeinfo.JClassType.areClassTypesAssignable(JClassType.java:91)
	at com.google.gwt.core.ext.typeinfo.JClassType.isAssignableFrom(JClassType.java:554)
	at com.google.gwt.core.ext.typeinfo.TypeOracle.computeSingleJsoImplData(TypeOracle.java:673)
	at com.google.gwt.core.ext.typeinfo.TypeOracle.finish(TypeOracle.java:646)
	at com.google.gwt.core.ext.typeinfo.TypeOracleBuilder.finish(TypeOracleBuilder.java:62)
	at com.google.gwt.dev.javac.TypeOracleMediator.addNewUnits(TypeOracleMediator.java:393)
	at com.google.gwt.dev.javac.CompilationState.assimilateUnits(CompilationState.java:165)
	at com.google.gwt.dev.javac.CompilationState.<init>(CompilationState.java:82)
	at com.google.gwt.dev.javac.CompilationStateBuilder.doBuildFrom(CompilationStateBuilder.java:392)
	at com.google.gwt.dev.javac.CompilationStateBuilder.buildFrom(CompilationStateBuilder.java:275)
	at com.google.gwt.dev.cfg.ModuleDef.getCompilationState(ModuleDef.java:299)
	at com.google.gwt.dev.DevModeBase$UiBrowserWidgetHostImpl.createModuleSpaceHost(DevModeBase.java:102)
	at com.google.gwt.dev.shell.OophmSessionHandler.loadModule(OophmSessionHandler.java:180)
	at com.google.gwt.dev.shell.BrowserChannelServer.processConnection(BrowserChannelServer.java:510)
	at com.google.gwt.dev.shell.BrowserChannelServer.run(BrowserChannelServer.java:352)
	at java.lang.Thread.run(Thread.java:619)
   [ERROR] Out of memory; to increase the amount of memory, use the -Xmx flag at startup (java -Xmx128M ...)


[ERROR] Failed to load module 'com.garage48.Mycash' from user agent 'Mozilla/5.0 (Windows; U; Windows NT 5.2; en-US; rv:1.9.1.19) Gecko/20110420 Firefox/3.5.19 GTB7.1' at 127.0.0.1:4003
java.lang.OutOfMemoryError: Java heap space
   [ERROR] Out of memory; to increase the amount of memory, use the -Xmx flag at startup (java -Xmx128M ...)




[ERROR] Failed to load module 'com.garage48.Mycash' from user agent 'Mozilla/5.0 (Windows; U; Windows NT 5.2; en-US; rv:1.9.1.19) Gecko/20110420 Firefox/3.5.19 GTB7.1' at 127.0.0.1:4293
java.lang.OutOfMemoryError: Java heap space
	at java.util.LinkedHashMap.createEntry(LinkedHashMap.java:424)
	at java.util.LinkedHashMap.addEntry(LinkedHashMap.java:406)
	at java.util.HashMap.put(HashMap.java:385)
	at java.util.HashSet.add(HashSet.java:200)
	at com.google.gwt.core.ext.typeinfo.JClassType.getFlattenedSuperTypeHierarchyRecursive(JClassType.java:320)
	at com.google.gwt.core.ext.typeinfo.JClassType.getFlattenedSuperTypeHierarchy(JClassType.java:46)
	at com.google.gwt.core.ext.typeinfo.JClassType.getFlattenedSuperTypeHierarchyRecursive(JClassType.java:331)
	at com.google.gwt.core.ext.typeinfo.JClassType.getFlattenedSuperTypeHierarchy(JClassType.java:46)
	at com.google.gwt.core.ext.typeinfo.JClassType.areClassTypesAssignable(JClassType.java:91)
	at com.google.gwt.core.ext.typeinfo.JClassType.isAssignableFrom(JClassType.java:554)
	at com.google.gwt.core.ext.typeinfo.TypeOracle.computeSingleJsoImplData(TypeOracle.java:673)
	at com.google.gwt.core.ext.typeinfo.TypeOracle.finish(TypeOracle.java:646)
	at com.google.gwt.core.ext.typeinfo.TypeOracleBuilder.finish(TypeOracleBuilder.java:62)
	at com.google.gwt.dev.javac.TypeOracleMediator.addNewUnits(TypeOracleMediator.java:393)
	at com.google.gwt.dev.javac.CompilationState.assimilateUnits(CompilationState.java:165)
	at com.google.gwt.dev.javac.CompilationState.<init>(CompilationState.java:82)
	at com.google.gwt.dev.javac.CompilationStateBuilder.doBuildFrom(CompilationStateBuilder.java:392)
	at com.google.gwt.dev.javac.CompilationStateBuilder.buildFrom(CompilationStateBuilder.java:275)
	at com.google.gwt.dev.cfg.ModuleDef.getCompilationState(ModuleDef.java:299)
	at com.google.gwt.dev.DevModeBase$UiBrowserWidgetHostImpl.createModuleSpaceHost(DevModeBase.java:102)
	at com.google.gwt.dev.shell.OophmSessionHandler.loadModule(OophmSessionHandler.java:180)
	at com.google.gwt.dev.shell.BrowserChannelServer.processConnection(BrowserChannelServer.java:510)
	at com.google.gwt.dev.shell.BrowserChannelServer.run(BrowserChannelServer.java:352)
	at java.lang.Thread.run(Thread.java:619)
   [ERROR] Out of memory; to increase the amount of memory, use the -Xmx flag at startup (java -Xmx128M ...)

[ERROR] Failed to load module 'com.garage48.Mycash' from user agent 'Mozilla/5.0 (Windows; U; Windows NT 5.2; en-US; rv:1.9.1.19) Gecko/20110420 Firefox/3.5.19 GTB7.1' at 127.0.0.1:4967
java.lang.OutOfMemoryError: Java heap space
	at java.util.Arrays.copyOfRange(Arrays.java:3209)
	at java.lang.String.<init>(String.java:216)
	at java.lang.StringBuilder.toString(StringBuilder.java:430)
	at com.google.gwt.dev.javac.MethodArgNamesLookup.lookup(MethodArgNamesLookup.java:62)
	at com.google.gwt.dev.javac.asm.ResolveMethodSignature.finish(ResolveMethodSignature.java:116)
	at com.google.gwt.dev.javac.TypeOracleMediator.resolveMethod(TypeOracleMediator.java:1018)
	at com.google.gwt.dev.javac.TypeOracleMediator.resolveClass(TypeOracleMediator.java:812)
	at com.google.gwt.dev.javac.TypeOracleMediator.addNewUnits(TypeOracleMediator.java:385)
	at com.google.gwt.dev.javac.CompilationState.assimilateUnits(CompilationState.java:165)
	at com.google.gwt.dev.javac.CompilationState.<init>(CompilationState.java:82)
	at com.google.gwt.dev.javac.CompilationStateBuilder.doBuildFrom(CompilationStateBuilder.java:392)
	at com.google.gwt.dev.javac.CompilationStateBuilder.buildFrom(CompilationStateBuilder.java:275)
	at com.google.gwt.dev.cfg.ModuleDef.getCompilationState(ModuleDef.java:299)
	at com.google.gwt.dev.DevModeBase$UiBrowserWidgetHostImpl.createModuleSpaceHost(DevModeBase.java:102)
	at com.google.gwt.dev.shell.OophmSessionHandler.loadModule(OophmSessionHandler.java:180)
	at com.google.gwt.dev.shell.BrowserChannelServer.processConnection(BrowserChannelServer.java:510)
	at com.google.gwt.dev.shell.BrowserChannelServer.run(BrowserChannelServer.java:352)
	at java.lang.Thread.run(Thread.java:619)
   [ERROR] Out of memory; to increase the amount of memory, use the -Xmx flag at startup (java -Xmx128M ...)

[ERROR] Failed to load module 'com.garage48.Mycash' from user agent 'Mozilla/5.0 (Windows; U; Windows NT 5.2; en-US; rv:1.9.1.19) Gecko/20110420 Firefox/3.5.19 GTB7.1' at 127.0.0.1:1048
java.lang.OutOfMemoryError: Java heap space
	at java.util.Arrays.copyOf(Arrays.java:2882)
	at java.lang.AbstractStringBuilder.expandCapacity(AbstractStringBuilder.java:100)
	at java.lang.AbstractStringBuilder.append(AbstractStringBuilder.java:390)
	at java.lang.StringBuilder.append(StringBuilder.java:119)
	at com.google.gwt.dev.javac.TypeOracleMediator.resolveClass(TypeOracleMediator.java:758)
	at com.google.gwt.dev.javac.TypeOracleMediator.addNewUnits(TypeOracleMediator.java:385)
	at com.google.gwt.dev.javac.CompilationState.assimilateUnits(CompilationState.java:165)
	at com.google.gwt.dev.javac.CompilationState.<init>(CompilationState.java:82)
	at com.google.gwt.dev.javac.CompilationStateBuilder.doBuildFrom(CompilationStateBuilder.java:392)
	at com.google.gwt.dev.javac.CompilationStateBuilder.buildFrom(CompilationStateBuilder.java:275)
	at com.google.gwt.dev.cfg.ModuleDef.getCompilationState(ModuleDef.java:299)
	at com.google.gwt.dev.DevModeBase$UiBrowserWidgetHostImpl.createModuleSpaceHost(DevModeBase.java:102)
	at com.google.gwt.dev.shell.OophmSessionHandler.loadModule(OophmSessionHandler.java:180)
	at com.google.gwt.dev.shell.BrowserChannelServer.processConnection(BrowserChannelServer.java:510)
	at com.google.gwt.dev.shell.BrowserChannelServer.run(BrowserChannelServer.java:352)
	at java.lang.Thread.run(Thread.java:619)
   [ERROR] Out of memory; to increase the amount of memory, use the -Xmx flag at startup (java -Xmx128M ...)

[ERROR] Failed to load module 'com.garage48.Mycash' from user agent 'Mozilla/5.0 (Windows; U; Windows NT 5.2; en-US; rv:1.9.1.19) Gecko/20110420 Firefox/3.5.19 GTB7.1' at 127.0.0.1:4634
java.lang.OutOfMemoryError: Java heap space
	at java.util.HashMap.<init>(HashMap.java:209)
	at com.google.gwt.dev.javac.TypeOracleMediator.resolveMethod(TypeOracleMediator.java:954)
	at com.google.gwt.dev.javac.TypeOracleMediator.resolveClass(TypeOracleMediator.java:812)
	at com.google.gwt.dev.javac.TypeOracleMediator.resolveClass(TypeOracleMediator.java:837)
	at com.google.gwt.dev.javac.TypeOracleMediator.resolveClass(TypeOracleMediator.java:785)
	at com.google.gwt.dev.javac.TypeOracleMediator.addNewUnits(TypeOracleMediator.java:385)
	at com.google.gwt.dev.javac.CompilationState.assimilateUnits(CompilationState.java:165)
	at com.google.gwt.dev.javac.CompilationState.<init>(CompilationState.java:82)
	at com.google.gwt.dev.javac.CompilationStateBuilder.doBuildFrom(CompilationStateBuilder.java:392)
	at com.google.gwt.dev.javac.CompilationStateBuilder.buildFrom(CompilationStateBuilder.java:275)
	at com.google.gwt.dev.cfg.ModuleDef.getCompilationState(ModuleDef.java:299)
	at com.google.gwt.dev.DevModeBase$UiBrowserWidgetHostImpl.createModuleSpaceHost(DevModeBase.java:102)
	at com.google.gwt.dev.shell.OophmSessionHandler.loadModule(OophmSessionHandler.java:180)
	at com.google.gwt.dev.shell.BrowserChannelServer.processConnection(BrowserChannelServer.java:510)
	at com.google.gwt.dev.shell.BrowserChannelServer.run(BrowserChannelServer.java:352)
	at java.lang.Thread.run(Thread.java:619)
   [ERROR] Out of memory; to increase the amount of memory, use the -Xmx flag at startup (java -Xmx128M ...)
